<?xml version="1.0" encoding="UTF-8"?>
<testng-results skipped="0" failed="0" ignored="0" total="1" passed="1">
  <reporter-output>
  </reporter-output>
  <suite name="Default suite" duration-ms="3287" started-at="2019-09-18T07:22:55Z" finished-at="2019-09-18T07:22:58Z">
    <groups>
    </groups>
    <test name="Default test" duration-ms="3287" started-at="2019-09-18T07:22:55Z" finished-at="2019-09-18T07:22:58Z">
      <class name="BDDValidation.BDDValidation">
        <test-method status="PASS" signature="equalToFunctionArrayObject()[pri:0, instance:BDDValidation.BDDValidation@482f8f11]" name="equalToFunctionArrayObject" duration-ms="3247" started-at="2019-09-18T07:22:55Z" finished-at="2019-09-18T07:22:58Z">
          <reporter-output>
          </reporter-output>
        </test-method> <!-- equalToFunctionArrayObject -->
      </class> <!-- BDDValidation.BDDValidation -->
    </test> <!-- Default test -->
  </suite> <!-- Default suite -->
</testng-results>
