<?xml version="1.0" encoding="UTF-8"?>
<!-- Generated by org.testng.reporters.JUnitXMLReporter -->
<testsuite hostname="DESKTOP-U5JPDRA" ignored="0" name="Test" tests="5" failures="0" timestamp="18 Dec 2019 02:47:42 GMT" time="8.133" errors="0">
  <testcase name="assuredDemo" time="4.565" classname="RestAssured.GetRequest"/>
  <testcase name="postRequest" time="0.665" classname="RestAssured.PostRequest"/>
  <testcase name="deleteRequest" time="0.596" classname="RestAssured.DeleteRequest"/>
  <testcase name="putRequest" time="0.589" classname="RestAssured.PutRequest"/>
  <testcase name="equalToFunctionArrayObject" time="1.667" classname="BDDValidation.BDDValidation"/>
</testsuite> <!-- Test -->
