<?xml version="1.0" encoding="UTF-8"?>
<testsuite xmlns:xsi="http://www.w3.org/2001/XMLSchema-instance" xsi:noNamespaceSchemaLocation="https://maven.apache.org/surefire/maven-surefire-plugin/xsd/surefire-test-report-3.0.xsd" version="3.0" name="TestSuite" time="9.43" tests="5" errors="0" skipped="0" failures="0">
  <properties>
[...]
</properties>
  <testcase name="assuredDemo" classname="RestAssured.GetRequest" time="5.412"/>
  <testcase name="postRequest" classname="RestAssured.PostRequest" time="0.149"/>
  <testcase name="deleteRequest" classname="RestAssured.DeleteRequest" time="0.433"/>
  <testcase name="putRequest" classname="RestAssured.PutRequest" time="0.84"/>
  <testcase name="equalToFunctionArrayObject" classname="BDDValidation.BDDValidation" time="1.249"/>
</testsuite>